c:\users\andrew.cutler\downloads\lab4\lab4\lab4\project1\x64\debug\vc141.pdb
c:\users\andrew.cutler\downloads\lab4\lab4\lab4\project1\x64\debug\.netframework,version=v4.6.1.assemblyattributes.obj
c:\users\andrew.cutler\downloads\lab4\lab4\lab4\project1\x64\debug\.netframework,version=v4.6.1.assemblyattributes.asm
c:\users\andrew.cutler\downloads\lab4\lab4\lab4\project1\x64\debug\source.obj
c:\users\andrew.cutler\downloads\lab4\lab4\lab4\x64\debug\project1.exe
c:\users\andrew.cutler\downloads\lab4\lab4\lab4\x64\debug\project1.pdb
c:\users\andrew.cutler\desktop\school\csc 211\lab4\project1\x64\debug\project1.vcxprojassemblyreference.cache
c:\users\andrew.cutler\desktop\school\csc 211\lab4\project1\x64\debug\.netframework,version=v4.6.1.assemblyattributes.obj
c:\users\andrew.cutler\desktop\school\csc 211\lab4\project1\x64\debug\source.obj
c:\users\andrew.cutler\desktop\school\csc 211\lab4\project1\x64\debug\vc141.pdb
c:\users\andrew.cutler\desktop\school\csc 211\lab4\x64\debug\project1.pdb
c:\users\andrew.cutler\desktop\school\csc 211\lab4\x64\debug\project1.exe
c:\users\andrew.cutler\desktop\school\csc 211\lab4\project1\x64\debug\project1.tlog\cl.command.1.tlog
c:\users\andrew.cutler\desktop\school\csc 211\lab4\project1\x64\debug\project1.tlog\cl.read.1.tlog
c:\users\andrew.cutler\desktop\school\csc 211\lab4\project1\x64\debug\project1.tlog\cl.write.1.tlog
c:\users\andrew.cutler\desktop\school\csc 211\lab4\project1\x64\debug\project1.tlog\link.command.1.tlog
c:\users\andrew.cutler\desktop\school\csc 211\lab4\project1\x64\debug\project1.tlog\link.read.1.tlog
c:\users\andrew.cutler\desktop\school\csc 211\lab4\project1\x64\debug\project1.tlog\link.write.1.tlog
c:\users\andrew.cutler\desktop\school\csc 211\lab4\project1\x64\debug\project1.tlog\metagen.read.1.tlog
c:\users\andrew.cutler\desktop\school\csc 211\lab4\project1\x64\debug\project1.tlog\metagen.write.1.tlog
