c:\users\andrew.cutler.slas.004\downloads\lab9\lab9\project1\debug\vc141.pdb
c:\users\andrew.cutler.slas.004\downloads\lab9\lab9\project1\debug\.netframework,version=v4.6.1.assemblyattributes.obj
c:\users\andrew.cutler.slas.004\downloads\lab9\lab9\project1\debug\.netframework,version=v4.6.1.assemblyattributes.asm
c:\users\andrew.cutler.slas.004\downloads\lab9\lab9\project1\debug\source.obj
c:\users\andrew.cutler.slas.004\downloads\lab9\lab9\debug\project1.exe
c:\users\andrew.cutler.slas.004\downloads\lab9\lab9\debug\project1.pdb
c:\users\andrew.cutler\desktop\school\csc 211\lab9\lab9\lab9\project1\debug\project1.vcxprojassemblyreference.cache
c:\users\andrew.cutler\desktop\school\csc 211\lab9\lab9\lab9\project1\debug\.netframework,version=v4.6.1.assemblyattributes.obj
c:\users\andrew.cutler\desktop\school\csc 211\lab9\lab9\lab9\project1\debug\source.obj
c:\users\andrew.cutler\desktop\school\csc 211\lab9\lab9\lab9\project1\debug\vc141.pdb
c:\users\andrew.cutler\desktop\school\csc 211\lab9\lab9\lab9\debug\project1.pdb
c:\users\andrew.cutler\desktop\school\csc 211\lab9\lab9\lab9\debug\project1.exe
c:\users\andrew.cutler\desktop\school\csc 211\lab9\lab9\lab9\project1\debug\project1.tlog\cl.command.1.tlog
c:\users\andrew.cutler\desktop\school\csc 211\lab9\lab9\lab9\project1\debug\project1.tlog\cl.read.1.tlog
c:\users\andrew.cutler\desktop\school\csc 211\lab9\lab9\lab9\project1\debug\project1.tlog\cl.write.1.tlog
c:\users\andrew.cutler\desktop\school\csc 211\lab9\lab9\lab9\project1\debug\project1.tlog\link.command.1.tlog
c:\users\andrew.cutler\desktop\school\csc 211\lab9\lab9\lab9\project1\debug\project1.tlog\link.read.1.tlog
c:\users\andrew.cutler\desktop\school\csc 211\lab9\lab9\lab9\project1\debug\project1.tlog\link.write.1.tlog
c:\users\andrew.cutler\desktop\school\csc 211\lab9\lab9\lab9\project1\debug\project1.tlog\metagen.read.1.tlog
c:\users\andrew.cutler\desktop\school\csc 211\lab9\lab9\lab9\project1\debug\project1.tlog\metagen.write.1.tlog
